2018-12-31 22:20:38.726  INFO 1860 --- [main] ApplicationUserTests                     : Starting ApplicationUserTests on ZB-PF115ML1 with PID 1860 (started by lishuai29 in D:\IdeaProjects\lishuai-notes\ls-springboot2\springboot-01-quickstart)
2018-12-31 22:20:38.728  INFO 1860 --- [main] ApplicationUserTests                     : No active profile set, falling back to default profiles: default
2018-12-31 22:20:38.826  INFO 1860 --- [main] o.s.w.c.s.GenericWebApplicationContext   : Refreshing org.springframework.web.context.support.GenericWebApplicationContext@3646a422: startup date [Mon Dec 31 22:20:38 CST 2018]; root of context hierarchy
2018-12-31 22:20:40.738  INFO 1860 --- [main] o.s.w.s.handler.SimpleUrlHandlerMapping  : Mapped URL path [/**/favicon.ico] onto handler of type [class org.springframework.web.servlet.resource.ResourceHttpRequestHandler]
2018-12-31 22:20:41.030  INFO 1860 --- [main] s.w.s.m.m.a.RequestMappingHandlerAdapter : Looking for @ControllerAdvice: org.springframework.web.context.support.GenericWebApplicationContext@3646a422: startup date [Mon Dec 31 22:20:38 CST 2018]; root of context hierarchy
2018-12-31 22:20:41.113  INFO 1860 --- [main] s.w.s.m.m.a.RequestMappingHandlerMapping : Mapped "{[/index],methods=[GET]}" onto public java.lang.String com.ls.controller.HelloController.index()
2018-12-31 22:20:41.115  INFO 1860 --- [main] s.w.s.m.m.a.RequestMappingHandlerMapping : Mapped "{[/]}" onto public java.lang.String com.ls.controller.HelloController.hello(java.lang.String)
2018-12-31 22:20:41.119  INFO 1860 --- [main] s.w.s.m.m.a.RequestMappingHandlerMapping : Mapped "{[/users/{id}],methods=[PUT]}" onto public java.lang.String com.ls.controller.UserController.putUser(java.lang.Long,com.ls.domain.User)
2018-12-31 22:20:41.119  INFO 1860 --- [main] s.w.s.m.m.a.RequestMappingHandlerMapping : Mapped "{[/users/{id}],methods=[DELETE]}" onto public java.lang.String com.ls.controller.UserController.deleteUser(java.lang.Long)
2018-12-31 22:20:41.120  INFO 1860 --- [main] s.w.s.m.m.a.RequestMappingHandlerMapping : Mapped "{[/users/],methods=[POST]}" onto public java.lang.String com.ls.controller.UserController.postUser(com.ls.domain.User)
2018-12-31 22:20:41.120  INFO 1860 --- [main] s.w.s.m.m.a.RequestMappingHandlerMapping : Mapped "{[/users/{id}],methods=[GET]}" onto public com.ls.domain.User com.ls.controller.UserController.getUser(java.lang.Long)
2018-12-31 22:20:41.121  INFO 1860 --- [main] s.w.s.m.m.a.RequestMappingHandlerMapping : Mapped "{[/users/],methods=[GET]}" onto public java.util.List<com.ls.domain.User> com.ls.controller.UserController.getUserList()
2018-12-31 22:20:41.124  INFO 1860 --- [main] s.w.s.m.m.a.RequestMappingHandlerMapping : Mapped "{[/error]}" onto public org.springframework.http.ResponseEntity<java.util.Map<java.lang.String, java.lang.Object>> org.springframework.boot.autoconfigure.web.servlet.error.BasicErrorController.error(javax.servlet.http.HttpServletRequest)
2018-12-31 22:20:41.125  INFO 1860 --- [main] s.w.s.m.m.a.RequestMappingHandlerMapping : Mapped "{[/error],produces=[text/html]}" onto public org.springframework.web.servlet.ModelAndView org.springframework.boot.autoconfigure.web.servlet.error.BasicErrorController.errorHtml(javax.servlet.http.HttpServletRequest,javax.servlet.http.HttpServletResponse)
2018-12-31 22:20:41.162  INFO 1860 --- [main] o.s.w.s.handler.SimpleUrlHandlerMapping  : Mapped URL path [/webjars/**] onto handler of type [class org.springframework.web.servlet.resource.ResourceHttpRequestHandler]
2018-12-31 22:20:41.163  INFO 1860 --- [main] o.s.w.s.handler.SimpleUrlHandlerMapping  : Mapped URL path [/**] onto handler of type [class org.springframework.web.servlet.resource.ResourceHttpRequestHandler]
2018-12-31 22:20:41.233  WARN 1860 --- [main] ion$DefaultTemplateResolverConfiguration : Cannot find template location: classpath:/templates/ (please add some templates or check your Thymeleaf configuration)
2018-12-31 22:20:41.856  INFO 1860 --- [main] ApplicationUserTests                     : Started ApplicationUserTests in 3.687 seconds (JVM running for 4.788)
2018-12-31 22:20:42.203  INFO 1860 --- [main] o.s.b.t.m.w.SpringBootMockServletContext : Initializing Spring FrameworkServlet ''
2018-12-31 22:20:42.205  INFO 1860 --- [main] o.s.t.web.servlet.TestDispatcherServlet  : FrameworkServlet '': initialization started
2018-12-31 22:20:42.220  INFO 1860 --- [main] o.s.t.web.servlet.TestDispatcherServlet  : FrameworkServlet '': initialization completed in 15 ms
2018-12-31 22:20:42.404  INFO 1860 --- [Thread-2] o.s.w.c.s.GenericWebApplicationContext   : Closing org.springframework.web.context.support.GenericWebApplicationContext@3646a422: startup date [Mon Dec 31 22:20:38 CST 2018]; root of context hierarchy
